<?xml version="1.0" encoding="UTF-8"?>
<testng-results total="1" passed="1" failed="0" skipped="0">
  <reporter-output>
  </reporter-output>
  <suite started-at="2022-07-09T06:01:56Z" name="Default suite" finished-at="2022-07-09T06:02:14Z" duration-ms="17722">
    <groups>
    </groups>
    <test started-at="2022-07-09T06:01:56Z" name="Default test" finished-at="2022-07-09T06:02:14Z" duration-ms="17722">
      <class name="Instagram.testng">
        <test-method is-config="true" signature="SetUp()[pri:0, instance:Instagram.testng@64bce832]" started-at="2022-07-09T11:31:56Z" name="SetUp" finished-at="2022-07-09T11:32:00Z" duration-ms="3644" status="PASS">
          <reporter-output>
          </reporter-output>
        </test-method> <!-- SetUp -->
        <test-method signature="Test()[pri:0, instance:Instagram.testng@64bce832]" started-at="2022-07-09T11:32:00Z" name="Test" finished-at="2022-07-09T11:32:14Z" duration-ms="14056" status="PASS">
          <reporter-output>
          </reporter-output>
        </test-method> <!-- Test -->
      </class> <!-- Instagram.testng -->
    </test> <!-- Default test -->
  </suite> <!-- Default suite -->
</testng-results>
